23:20:34.144 INFO - Selenium build info: version: '3.8.1', revision: '6e95a6684b'
23:20:34.144 INFO - Launching a standalone Selenium Server
2021-09-22 23:20:34.323:INFO::main: Logging initialized @448ms to org.seleniumhq.jetty9.util.log.StdErrLog
23:20:34.371 INFO - Using `new FirefoxOptions()` is preferred to `DesiredCapabilities.firefox()`
23:20:34.386 INFO - Using `new ChromeOptions()` is preferred to `DesiredCapabilities.chrome()`
23:20:34.389 INFO - Using `new EdgeOptions()` is preferred to `DesiredCapabilities.edge()`
23:20:34.389 INFO - Driver class not found: com.opera.core.systems.OperaDriver
23:20:34.390 INFO - Using `new OperaOptions()` is preferred to `DesiredCapabilities.operaBlink()`
23:20:34.391 INFO - Using `new SafariOptions()` is preferred to `DesiredCapabilities.safari()`
23:20:34.392 INFO - Driver class not found: org.openqa.selenium.phantomjs.PhantomJSDriver
23:20:34.431 INFO - Driver provider class org.openqa.selenium.safari.SafariDriver registration is skipped:
 registration capabilities Capabilities {browserName: safari, platform: MAC, version: } does not match the current platform WIN10
23:20:34.479 INFO - Using `new ChromeOptions()` is preferred to `DesiredCapabilities.chrome()`
23:20:34.480 INFO - Using `new EdgeOptions()` is preferred to `DesiredCapabilities.edge()`
23:20:34.480 INFO - Using `new FirefoxOptions()` is preferred to `DesiredCapabilities.firefox()`
23:20:34.481 INFO - Using `new OperaOptions()` is preferred to `DesiredCapabilities.operaBlink()`
23:20:34.481 INFO - Using `new SafariOptions()` is preferred to `DesiredCapabilities.safari()`
23:20:34.489 INFO - Using the passthrough mode handler
2021-09-22 23:20:34.515:INFO:osjs.Server:main: jetty-9.4.7.v20170914
2021-09-22 23:20:34.539:WARN:osjs.SecurityHandler:main: ServletContext@o.s.j.s.ServletContextHandler@9597028{/,null,STARTING} has uncovered http methods for path: /
2021-09-22 23:20:34.545:INFO:osjsh.ContextHandler:main: Started o.s.j.s.ServletContextHandler@9597028{/,null,AVAILABLE}
2021-09-22 23:20:34.728:INFO:osjs.AbstractConnector:main: Started ServerConnector@5609159b{HTTP/1.1,[http/1.1]}{0.0.0.0:4445}
2021-09-22 23:20:34.729:INFO:osjs.Server:main: Started @854ms
23:20:34.729 INFO - Selenium Server is up and running
2021-09-22 23:20:35.226:INFO:osjshC.ROOT:qtp198761306-15: org.openqa.selenium.remote.server.WebDriverServlet-29626d54: Initialising WebDriverServlet
23:20:35.256 INFO - Found handler: org.openqa.selenium.remote.server.commandhandler.BeginSession@6fd3df2c
23:20:35.263 INFO - /session: Executing POST on /session (handler: BeginSession)
23:20:35.338 INFO - Capabilities are: Capabilities {acceptInsecureCerts: true, acceptSslCerts: true, browserName: chrome, goog:chromeOptions: {args: [--no-sandbox, --headless, --allow-insecure-localhost, start-maximized]}, javascriptEnabled: true, name: Test Run\sample}
23:20:35.340 INFO - Capabilities {acceptInsecureCerts: true, acceptSslCerts: true, browserName: chrome, goog:chromeOptions: {args: [--no-sandbox, --headless, --allow-insecure-localhost, start-maximized]}, javascriptEnabled: true, name: Test Run\sample} matched class org.openqa.selenium.remote.server.ServicedSession$Factory (provider: org.openqa.selenium.chrome.ChromeDriverService)
Starting ChromeDriver 94.0.4606.41 (333e85df3c9b656b518b5f1add5ff246365b6c24-refs/branch-heads/4606@{#845}) on port 1763
Only local connections are allowed.
Please see https://chromedriver.chromium.org/security-considerations for suggestions on keeping ChromeDriver safe.
ChromeDriver was started successfully.
23:20:36.650 INFO - Detected dialect: W3C
23:20:36.750 INFO - Found handler: org.openqa.selenium.remote.server.ServicedSession@49fdce83
23:20:36.751 INFO - Handler thread for session b7a973262b54cc9f7baa916cbd88e8a0 (chrome): Executing POST on /session/b7a973262b54cc9f7baa916cbd88e8a0/url (handler: ServicedSession)
23:20:49.329 INFO - Found handler: org.openqa.selenium.remote.server.ServicedSession@49fdce83
23:20:49.330 INFO - Handler thread for session b7a973262b54cc9f7baa916cbd88e8a0 (chrome): Executing DELETE on /session/b7a973262b54cc9f7baa916cbd88e8a0 (handler: ServicedSession)
23:20:49.397 INFO - Removing session org.openqa.selenium.remote.server.ServicedSession@49fdce83
